# JRE version: OpenJDK Runtime Environment (8.0_212) (build 1.8.0_212-release-1586-b4-5784211)
# Java VM: OpenJDK 64-Bit Server VM (25.212-b4-5784211 mixed mode linux-amd64 compressed oops)
Heap:
 PSYoungGen      total 232448K, used 2272K [0x00000000e0000000, 0x00000000efd80000, 0x0000000100000000)
  eden space 205312K, 0% used [0x00000000e0000000,0x00000000e0000000,0x00000000ec880000)
  from space 27136K, 8% used [0x00000000ec880000,0x00000000ecab8000,0x00000000ee300000)
  to   space 26112K, 0% used [0x00000000ee400000,0x00000000ee400000,0x00000000efd80000)
 ParOldGen       total 134656K, used 87865K [0x00000000a0000000, 0x00000000a8380000, 0x00000000e0000000)
  object space 134656K, 65% used [0x00000000a0000000,0x00000000a55ce470,0x00000000a8380000)
 Metaspace       used 68685K, capacity 72272K, committed 72488K, reserved 1112064K
  class space    used 9500K, capacity 10235K, committed 10280K, reserved 1048576K
GC Heap History (10 events):
Event: 27,898 GC heap after
Heap after GC invocations=21 (full 3):
 PSYoungGen      total 158208K, used 22003K [0x00000000e0000000, 0x00000000ecd00000, 0x0000000100000000)
  eden space 136192K, 0% used [0x00000000e0000000,0x00000000e0000000,0x00000000e8500000)
  from space 22016K, 99% used [0x00000000ea080000,0x00000000eb5fccd0,0x00000000eb600000)
  to   space 28160K, 0% used [0x00000000e8500000,0x00000000e8500000,0x00000000ea080000)
 ParOldGen       total 134656K, used 58281K [0x00000000a0000000, 0x00000000a8380000, 0x00000000e0000000)
  object space 134656K, 43% used [0x00000000a0000000,0x00000000a38ea540,0x00000000a8380000)
 Metaspace       used 66341K, capacity 69500K, committed 69672K, reserved 1110016K
  class space    used 9256K, capacity 9923K, committed 10024K, reserved 1048576K
}
Event: 29,335 GC heap before
{Heap before GC invocations=22 (full 3):
 PSYoungGen      total 158208K, used 158195K [0x00000000e0000000, 0x00000000ecd00000, 0x0000000100000000)
  eden space 136192K, 100% used [0x00000000e0000000,0x00000000e8500000,0x00000000e8500000)
  from space 22016K, 99% used [0x00000000ea080000,0x00000000eb5fccd0,0x00000000eb600000)
  to   space 28160K, 0% used [0x00000000e8500000,0x00000000e8500000,0x00000000ea080000)
 ParOldGen       total 134656K, used 58281K [0x00000000a0000000, 0x00000000a8380000, 0x00000000e0000000)
  object space 134656K, 43% used [0x00000000a0000000,0x00000000a38ea540,0x00000000a8380000)
 Metaspace       used 67324K, capacity 70564K, committed 70824K, reserved 1110016K
  class space    used 9353K, capacity 10045K, committed 10152K, reserved 1048576K
Event: 29,380 GC heap after
Heap after GC invocations=22 (full 3):
 PSYoungGen      total 164352K, used 14385K [0x00000000e0000000, 0x00000000ed880000, 0x0000000100000000)
  eden space 136192K, 0% used [0x00000000e0000000,0x00000000e0000000,0x00000000e8500000)
  from space 28160K, 51% used [0x00000000e8500000,0x00000000e930c750,0x00000000ea080000)
  to   space 27648K, 0% used [0x00000000ebd80000,0x00000000ebd80000,0x00000000ed880000)
 ParOldGen       total 134656K, used 67811K [0x00000000a0000000, 0x00000000a8380000, 0x00000000e0000000)
  object space 134656K, 50% used [0x00000000a0000000,0x00000000a4238d18,0x00000000a8380000)
 Metaspace       used 67324K, capacity 70564K, committed 70824K, reserved 1110016K
  class space    used 9353K, capacity 10045K, committed 10152K, reserved 1048576K
}
Event: 30,507 GC heap before
{Heap before GC invocations=23 (full 3):
 PSYoungGen      total 164352K, used 150577K [0x00000000e0000000, 0x00000000ed880000, 0x0000000100000000)
  eden space 136192K, 100% used [0x00000000e0000000,0x00000000e8500000,0x00000000e8500000)
  from space 28160K, 51% used [0x00000000e8500000,0x00000000e930c750,0x00000000ea080000)
  to   space 27648K, 0% used [0x00000000ebd80000,0x00000000ebd80000,0x00000000ed880000)
 ParOldGen       total 134656K, used 67811K [0x00000000a0000000, 0x00000000a8380000, 0x00000000e0000000)
  object space 134656K, 50% used [0x00000000a0000000,0x00000000a4238d18,0x00000000a8380000)
 Metaspace       used 68221K, capacity 71818K, committed 71976K, reserved 1112064K
  class space    used 9482K, capacity 10226K, committed 10280K, reserved 1048576K
Event: 30,551 GC heap after
Heap after GC invocations=23 (full 3):
 PSYoungGen      total 194560K, used 4945K [0x00000000e0000000, 0x00000000ed980000, 0x0000000100000000)
  eden space 166912K, 0% used [0x00000000e0000000,0x00000000e0000000,0x00000000ea300000)
  from space 27648K, 17% used [0x00000000ebd80000,0x00000000ec2546a0,0x00000000ed880000)
  to   space 27136K, 0% used [0x00000000ea300000,0x00000000ea300000,0x00000000ebd80000)
 ParOldGen       total 134656K, used 81315K [0x00000000a0000000, 0x00000000a8380000, 0x00000000e0000000)
  object space 134656K, 60% used [0x00000000a0000000,0x00000000a4f68c70,0x00000000a8380000)
 Metaspace       used 68221K, capacity 71818K, committed 71976K, reserved 1112064K
  class space    used 9482K, capacity 10226K, committed 10280K, reserved 1048576K
}
Event: 31,635 GC heap before
{Heap before GC invocations=24 (full 3):
 PSYoungGen      total 194560K, used 171857K [0x00000000e0000000, 0x00000000ed980000, 0x0000000100000000)
  eden space 166912K, 100% used [0x00000000e0000000,0x00000000ea300000,0x00000000ea300000)
  from space 27648K, 17% used [0x00000000ebd80000,0x00000000ec2546a0,0x00000000ed880000)
  to   space 27136K, 0% used [0x00000000ea300000,0x00000000ea300000,0x00000000ebd80000)
 ParOldGen       total 134656K, used 81315K [0x00000000a0000000, 0x00000000a8380000, 0x00000000e0000000)
  object space 134656K, 60% used [0x00000000a0000000,0x00000000a4f68c70,0x00000000a8380000)
 Metaspace       used 68326K, capacity 71904K, committed 71976K, reserved 1112064K
  class space    used 9493K, capacity 10231K, committed 10280K, reserved 1048576K
Event: 31,674 GC heap after
Heap after GC invocations=24 (full 3):
 PSYoungGen      total 194048K, used 1632K [0x00000000e0000000, 0x00000000eff00000, 0x0000000100000000)
  eden space 166912K, 0% used [0x00000000e0000000,0x00000000e0000000,0x00000000ea300000)
  from space 27136K, 6% used [0x00000000ea300000,0x00000000ea498000,0x00000000ebd80000)
  to   space 27648K, 0% used [0x00000000ee400000,0x00000000ee400000,0x00000000eff00000)
 ParOldGen       total 134656K, used 84837K [0x00000000a0000000, 0x00000000a8380000, 0x00000000e0000000)
  object space 134656K, 63% used [0x00000000a0000000,0x00000000a52d9460,0x00000000a8380000)
 Metaspace       used 68326K, capacity 71904K, committed 71976K, reserved 1112064K
  class space    used 9493K, capacity 10231K, committed 10280K, reserved 1048576K
}
Event: 32,764 GC heap before
{Heap before GC invocations=25 (full 3):
 PSYoungGen      total 194048K, used 168544K [0x00000000e0000000, 0x00000000eff00000, 0x0000000100000000)
  eden space 166912K, 100% used [0x00000000e0000000,0x00000000ea300000,0x00000000ea300000)
  from space 27136K, 6% used [0x00000000ea300000,0x00000000ea498000,0x00000000ebd80000)
  to   space 27648K, 0% used [0x00000000ee400000,0x00000000ee400000,0x00000000eff00000)
 ParOldGen       total 134656K, used 84837K [0x00000000a0000000, 0x00000000a8380000, 0x00000000e0000000)
  object space 134656K, 63% used [0x00000000a0000000,0x00000000a52d9460,0x00000000a8380000)
 Metaspace       used 68447K, capacity 72056K, committed 72232K, reserved 1112064K
  class space    used 9496K, capacity 10235K, committed 10280K, reserved 1048576K
Event: 32,795 GC heap after
Heap after GC invocations=25 (full 3):
 PSYoungGen      total 231424K, used 1856K [0x00000000e0000000, 0x00000000efd80000, 0x0000000100000000)
  eden space 205312K, 0% used [0x00000000e0000000,0x00000000e0000000,0x00000000ec880000)
  from space 26112K, 7% used [0x00000000ee400000,0x00000000ee5d0000,0x00000000efd80000)
  to   space 27136K, 0% used [0x00000000ec880000,0x00000000ec880000,0x00000000ee300000)
 ParOldGen       total 134656K, used 86205K [0x00000000a0000000, 0x00000000a8380000, 0x00000000e0000000)
  object space 134656K, 64% used [0x00000000a0000000,0x00000000a542f460,0x00000000a8380000)
 Metaspace       used 68447K, capacity 72056K, committed 72232K, reserved 1112064K
  class space    used 9496K, capacity 10235K, committed 10280K, reserved 1048576K
}
Event: 33,927 GC heap before
{Heap before GC invocations=26 (full 3):
 PSYoungGen      total 231424K, used 207168K [0x00000000e0000000, 0x00000000efd80000, 0x0000000100000000)
  eden space 205312K, 100% used [0x00000000e0000000,0x00000000ec880000,0x00000000ec880000)
  from space 26112K, 7% used [0x00000000ee400000,0x00000000ee5d0000,0x00000000efd80000)
  to   space 27136K, 0% used [0x00000000ec880000,0x00000000ec880000,0x00000000ee300000)
 ParOldGen       total 134656K, used 86205K [0x00000000a0000000, 0x00000000a8380000, 0x00000000e0000000)
  object space 134656K, 64% used [0x00000000a0000000,0x00000000a542f460,0x00000000a8380000)
 Metaspace       used 68685K, capacity 72272K, committed 72488K, reserved 1112064K
  class space    used 9500K, capacity 10235K, committed 10280K, reserved 1048576K

