# JRE version: OpenJDK Runtime Environment (8.0_212) (build 1.8.0_212-release-1586-b4-5784211)
# Java VM: OpenJDK 64-Bit Server VM (25.212-b4-5784211 mixed mode linux-amd64 compressed oops)
Heap:
 PSYoungGen      total 294912K, used 22522K [0x00000000e0000000, 0x00000000f3600000, 0x0000000100000000)
  eden space 272384K, 0% used [0x00000000e0000000,0x00000000e0000000,0x00000000f0a00000)
  from space 22528K, 99% used [0x00000000f0a00000,0x00000000f1ffe878,0x00000000f2000000)
  to   space 19456K, 0% used [0x00000000f2100000,0x00000000f2100000,0x00000000f3400000)
 ParOldGen       total 105472K, used 37944K [0x00000000a0000000, 0x00000000a6700000, 0x00000000e0000000)
  object space 105472K, 35% used [0x00000000a0000000,0x00000000a250e0b8,0x00000000a6700000)
 Metaspace       used 67812K, capacity 71504K, committed 71576K, reserved 1110016K
  class space    used 9387K, capacity 10117K, committed 10136K, reserved 1048576K
GC Heap History (10 events):
Event: 5,830 GC heap after
Heap after GC invocations=9 (full 1):
 PSYoungGen      total 215552K, used 7648K [0x00000000e0000000, 0x00000000ee980000, 0x0000000100000000)
  eden space 201728K, 0% used [0x00000000e0000000,0x00000000e0000000,0x00000000ec500000)
  from space 13824K, 55% used [0x00000000ed180000,0x00000000ed8f8000,0x00000000edf00000)
  to   space 12800K, 0% used [0x00000000ec500000,0x00000000ec500000,0x00000000ed180000)
 ParOldGen       total 54784K, used 11682K [0x00000000a0000000, 0x00000000a3580000, 0x00000000e0000000)
  object space 54784K, 21% used [0x00000000a0000000,0x00000000a0b68b60,0x00000000a3580000)
 Metaspace       used 34386K, capacity 35470K, committed 35496K, reserved 1079296K
  class space    used 4711K, capacity 5006K, committed 5032K, reserved 1048576K
}
Event: 5,830 GC heap before
{Heap before GC invocations=10 (full 2):
 PSYoungGen      total 215552K, used 7648K [0x00000000e0000000, 0x00000000ee980000, 0x0000000100000000)
  eden space 201728K, 0% used [0x00000000e0000000,0x00000000e0000000,0x00000000ec500000)
  from space 13824K, 55% used [0x00000000ed180000,0x00000000ed8f8000,0x00000000edf00000)
  to   space 12800K, 0% used [0x00000000ec500000,0x00000000ec500000,0x00000000ed180000)
 ParOldGen       total 54784K, used 11682K [0x00000000a0000000, 0x00000000a3580000, 0x00000000e0000000)
  object space 54784K, 21% used [0x00000000a0000000,0x00000000a0b68b60,0x00000000a3580000)
 Metaspace       used 34386K, capacity 35470K, committed 35496K, reserved 1079296K
  class space    used 4711K, capacity 5006K, committed 5032K, reserved 1048576K
Event: 5,912 GC heap after
Heap after GC invocations=10 (full 2):
 PSYoungGen      total 215552K, used 0K [0x00000000e0000000, 0x00000000ee980000, 0x0000000100000000)
  eden space 201728K, 0% used [0x00000000e0000000,0x00000000e0000000,0x00000000ec500000)
  from space 13824K, 0% used [0x00000000ed180000,0x00000000ed180000,0x00000000edf00000)
  to   space 12800K, 0% used [0x00000000ec500000,0x00000000ec500000,0x00000000ed180000)
 ParOldGen       total 69120K, used 14429K [0x00000000a0000000, 0x00000000a4380000, 0x00000000e0000000)
  object space 69120K, 20% used [0x00000000a0000000,0x00000000a0e174a0,0x00000000a4380000)
 Metaspace       used 34386K, capacity 35470K, committed 35496K, reserved 1079296K
  class space    used 4711K, capacity 5006K, committed 5032K, reserved 1048576K
}
Event: 9,980 GC heap before
{Heap before GC invocations=11 (full 2):
 PSYoungGen      total 215552K, used 201728K [0x00000000e0000000, 0x00000000ee980000, 0x0000000100000000)
  eden space 201728K, 100% used [0x00000000e0000000,0x00000000ec500000,0x00000000ec500000)
  from space 13824K, 0% used [0x00000000ed180000,0x00000000ed180000,0x00000000edf00000)
  to   space 12800K, 0% used [0x00000000ec500000,0x00000000ec500000,0x00000000ed180000)
 ParOldGen       total 69120K, used 14429K [0x00000000a0000000, 0x00000000a4380000, 0x00000000e0000000)
  object space 69120K, 20% used [0x00000000a0000000,0x00000000a0e174a0,0x00000000a4380000)
 Metaspace       used 51971K, capacity 53920K, committed 54184K, reserved 1095680K
  class space    used 7093K, capacity 7561K, committed 7592K, reserved 1048576K
Event: 10,020 GC heap after
Heap after GC invocations=11 (full 2):
 PSYoungGen      total 214528K, used 12796K [0x00000000e0000000, 0x00000000f3400000, 0x0000000100000000)
  eden space 201728K, 0% used [0x00000000e0000000,0x00000000e0000000,0x00000000ec500000)
  from space 12800K, 99% used [0x00000000ec500000,0x00000000ed17f300,0x00000000ed180000)
  to   space 19456K, 0% used [0x00000000f2100000,0x00000000f2100000,0x00000000f3400000)
 ParOldGen       total 69120K, used 26010K [0x00000000a0000000, 0x00000000a4380000, 0x00000000e0000000)
  object space 69120K, 37% used [0x00000000a0000000,0x00000000a1966ad0,0x00000000a4380000)
 Metaspace       used 51971K, capacity 53920K, committed 54184K, reserved 1095680K
  class space    used 7093K, capacity 7561K, committed 7592K, reserved 1048576K
}
Event: 11,381 GC heap before
{Heap before GC invocations=12 (full 2):
 PSYoungGen      total 214528K, used 92576K [0x00000000e0000000, 0x00000000f3400000, 0x0000000100000000)
  eden space 201728K, 39% used [0x00000000e0000000,0x00000000e4de8fa8,0x00000000ec500000)
  from space 12800K, 99% used [0x00000000ec500000,0x00000000ed17f300,0x00000000ed180000)
  to   space 19456K, 0% used [0x00000000f2100000,0x00000000f2100000,0x00000000f3400000)
 ParOldGen       total 69120K, used 26010K [0x00000000a0000000, 0x00000000a4380000, 0x00000000e0000000)
  object space 69120K, 37% used [0x00000000a0000000,0x00000000a1966ad0,0x00000000a4380000)
 Metaspace       used 56857K, capacity 59040K, committed 59160K, reserved 1099776K
  class space    used 7825K, capacity 8381K, committed 8472K, reserved 1048576K
Event: 11,405 GC heap after
Heap after GC invocations=12 (full 2):
 PSYoungGen      total 291840K, used 19440K [0x00000000e0000000, 0x00000000f3600000, 0x0000000100000000)
  eden space 272384K, 0% used [0x00000000e0000000,0x00000000e0000000,0x00000000f0a00000)
  from space 19456K, 99% used [0x00000000f2100000,0x00000000f33fc2e0,0x00000000f3400000)
  to   space 22528K, 0% used [0x00000000f0a00000,0x00000000f0a00000,0x00000000f2000000)
 ParOldGen       total 69120K, used 26860K [0x00000000a0000000, 0x00000000a4380000, 0x00000000e0000000)
  object space 69120K, 38% used [0x00000000a0000000,0x00000000a1a3b280,0x00000000a4380000)
 Metaspace       used 56857K, capacity 59040K, committed 59160K, reserved 1099776K
  class space    used 7825K, capacity 8381K, committed 8472K, reserved 1048576K
}
Event: 11,405 GC heap before
{Heap before GC invocations=13 (full 3):
 PSYoungGen      total 291840K, used 19440K [0x00000000e0000000, 0x00000000f3600000, 0x0000000100000000)
  eden space 272384K, 0% used [0x00000000e0000000,0x00000000e0000000,0x00000000f0a00000)
  from space 19456K, 99% used [0x00000000f2100000,0x00000000f33fc2e0,0x00000000f3400000)
  to   space 22528K, 0% used [0x00000000f0a00000,0x00000000f0a00000,0x00000000f2000000)
 ParOldGen       total 69120K, used 26860K [0x00000000a0000000, 0x00000000a4380000, 0x00000000e0000000)
  object space 69120K, 38% used [0x00000000a0000000,0x00000000a1a3b280,0x00000000a4380000)
 Metaspace       used 56857K, capacity 59040K, committed 59160K, reserved 1099776K
  class space    used 7825K, capacity 8381K, committed 8472K, reserved 1048576K
Event: 11,634 GC heap after
Heap after GC invocations=13 (full 3):
 PSYoungGen      total 291840K, used 0K [0x00000000e0000000, 0x00000000f3600000, 0x0000000100000000)
  eden space 272384K, 0% used [0x00000000e0000000,0x00000000e0000000,0x00000000f0a00000)
  from space 19456K, 0% used [0x00000000f2100000,0x00000000f2100000,0x00000000f3400000)
  to   space 22528K, 0% used [0x00000000f0a00000,0x00000000f0a00000,0x00000000f2000000)
 ParOldGen       total 105472K, used 33194K [0x00000000a0000000, 0x00000000a6700000, 0x00000000e0000000)
  object space 105472K, 31% used [0x00000000a0000000,0x00000000a206a990,0x00000000a6700000)
 Metaspace       used 56853K, capacity 59028K, committed 59160K, reserved 1099776K
  class space    used 7824K, capacity 8379K, committed 8472K, reserved 1048576K
}
Event: 16,235 GC heap before
{Heap before GC invocations=14 (full 3):
 PSYoungGen      total 291840K, used 272384K [0x00000000e0000000, 0x00000000f3600000, 0x0000000100000000)
  eden space 272384K, 100% used [0x00000000e0000000,0x00000000f0a00000,0x00000000f0a00000)
  from space 19456K, 0% used [0x00000000f2100000,0x00000000f2100000,0x00000000f3400000)
  to   space 22528K, 0% used [0x00000000f0a00000,0x00000000f0a00000,0x00000000f2000000)
 ParOldGen       total 105472K, used 33210K [0x00000000a0000000, 0x00000000a6700000, 0x00000000e0000000)
  object space 105472K, 31% used [0x00000000a0000000,0x00000000a206e9a0,0x00000000a6700000)
 Metaspace       used 67812K, capacity 71504K, committed 71576K, reserved 1110016K
  class space    used 9387K, capacity 10117K, committed 10136K, reserved 1048576K

