# JRE version: OpenJDK Runtime Environment (8.0_212) (build 1.8.0_212-release-1586-b4-5784211)
# Java VM: OpenJDK 64-Bit Server VM (25.212-b4-5784211 mixed mode linux-amd64 compressed oops)
Heap:
 PSYoungGen      total 241152K, used 23018K [0x00000000e0000000, 0x00000000f4000000, 0x0000000100000000)
  eden space 218112K, 0% used [0x00000000e0000000,0x00000000e0000000,0x00000000ed500000)
  from space 23040K, 99% used [0x00000000f2980000,0x00000000f3ffa9d8,0x00000000f4000000)
  to   space 21504K, 0% used [0x00000000ed500000,0x00000000ed500000,0x00000000eea00000)
 ParOldGen       total 129536K, used 46632K [0x00000000a0000000, 0x00000000a7e80000, 0x00000000e0000000)
  object space 129536K, 35% used [0x00000000a0000000,0x00000000a2d8a170,0x00000000a7e80000)
 Metaspace       used 77323K, capacity 80752K, committed 80920K, reserved 1118208K
  class space    used 10434K, capacity 11161K, committed 11288K, reserved 1048576K
GC Heap History (10 events):
Event: 11,580 GC heap after
Heap after GC invocations=12 (full 2):
 PSYoungGen      total 179200K, used 16381K [0x00000000e0000000, 0x00000000ecb80000, 0x0000000100000000)
  eden space 162816K, 0% used [0x00000000e0000000,0x00000000e0000000,0x00000000e9f00000)
  from space 16384K, 99% used [0x00000000eb380000,0x00000000ec37f7c0,0x00000000ec380000)
  to   space 20992K, 0% used [0x00000000e9f00000,0x00000000e9f00000,0x00000000eb380000)
 ParOldGen       total 95744K, used 26185K [0x00000000a0000000, 0x00000000a5d80000, 0x00000000e0000000)
  object space 95744K, 27% used [0x00000000a0000000,0x00000000a19924f0,0x00000000a5d80000)
 Metaspace       used 56537K, capacity 58716K, committed 58792K, reserved 1099776K
  class space    used 7790K, capacity 8305K, committed 8360K, reserved 1048576K
}
Event: 11,726 GC heap before
{Heap before GC invocations=13 (full 2):
 PSYoungGen      total 179200K, used 25554K [0x00000000e0000000, 0x00000000ecb80000, 0x0000000100000000)
  eden space 162816K, 5% used [0x00000000e0000000,0x00000000e08f5128,0x00000000e9f00000)
  from space 16384K, 99% used [0x00000000eb380000,0x00000000ec37f7c0,0x00000000ec380000)
  to   space 20992K, 0% used [0x00000000e9f00000,0x00000000e9f00000,0x00000000eb380000)
 ParOldGen       total 95744K, used 26185K [0x00000000a0000000, 0x00000000a5d80000, 0x00000000e0000000)
  object space 95744K, 27% used [0x00000000a0000000,0x00000000a19924f0,0x00000000a5d80000)
 Metaspace       used 56842K, capacity 59034K, committed 59160K, reserved 1099776K
  class space    used 7822K, capacity 8386K, committed 8472K, reserved 1048576K
Event: 11,748 GC heap after
Heap after GC invocations=13 (full 2):
 PSYoungGen      total 183808K, used 16854K [0x00000000e0000000, 0x00000000f0880000, 0x0000000100000000)
  eden space 162816K, 0% used [0x00000000e0000000,0x00000000e0000000,0x00000000e9f00000)
  from space 20992K, 80% used [0x00000000e9f00000,0x00000000eaf75840,0x00000000eb380000)
  to   space 22016K, 0% used [0x00000000ef300000,0x00000000ef300000,0x00000000f0880000)
 ParOldGen       total 95744K, used 26193K [0x00000000a0000000, 0x00000000a5d80000, 0x00000000e0000000)
  object space 95744K, 27% used [0x00000000a0000000,0x00000000a19944f0,0x00000000a5d80000)
 Metaspace       used 56842K, capacity 59034K, committed 59160K, reserved 1099776K
  class space    used 7822K, capacity 8386K, committed 8472K, reserved 1048576K
}
Event: 11,748 GC heap before
{Heap before GC invocations=14 (full 3):
 PSYoungGen      total 183808K, used 16854K [0x00000000e0000000, 0x00000000f0880000, 0x0000000100000000)
  eden space 162816K, 0% used [0x00000000e0000000,0x00000000e0000000,0x00000000e9f00000)
  from space 20992K, 80% used [0x00000000e9f00000,0x00000000eaf75840,0x00000000eb380000)
  to   space 22016K, 0% used [0x00000000ef300000,0x00000000ef300000,0x00000000f0880000)
 ParOldGen       total 95744K, used 26193K [0x00000000a0000000, 0x00000000a5d80000, 0x00000000e0000000)
  object space 95744K, 27% used [0x00000000a0000000,0x00000000a19944f0,0x00000000a5d80000)
 Metaspace       used 56842K, capacity 59034K, committed 59160K, reserved 1099776K
  class space    used 7822K, capacity 8386K, committed 8472K, reserved 1048576K
Event: 11,974 GC heap after
Heap after GC invocations=14 (full 3):
 PSYoungGen      total 183808K, used 0K [0x00000000e0000000, 0x00000000f0880000, 0x0000000100000000)
  eden space 162816K, 0% used [0x00000000e0000000,0x00000000e0000000,0x00000000e9f00000)
  from space 20992K, 0% used [0x00000000e9f00000,0x00000000e9f00000,0x00000000eb380000)
  to   space 22016K, 0% used [0x00000000ef300000,0x00000000ef300000,0x00000000f0880000)
 ParOldGen       total 129536K, used 29799K [0x00000000a0000000, 0x00000000a7e80000, 0x00000000e0000000)
  object space 129536K, 23% used [0x00000000a0000000,0x00000000a1d19e80,0x00000000a7e80000)
 Metaspace       used 56840K, capacity 59028K, committed 59160K, reserved 1099776K
  class space    used 7822K, capacity 8385K, committed 8472K, reserved 1048576K
}
Event: 14,747 GC heap before
{Heap before GC invocations=15 (full 3):
 PSYoungGen      total 183808K, used 162816K [0x00000000e0000000, 0x00000000f0880000, 0x0000000100000000)
  eden space 162816K, 100% used [0x00000000e0000000,0x00000000e9f00000,0x00000000e9f00000)
  from space 20992K, 0% used [0x00000000e9f00000,0x00000000e9f00000,0x00000000eb380000)
  to   space 22016K, 0% used [0x00000000ef300000,0x00000000ef300000,0x00000000f0880000)
 ParOldGen       total 129536K, used 29799K [0x00000000a0000000, 0x00000000a7e80000, 0x00000000e0000000)
  object space 129536K, 23% used [0x00000000a0000000,0x00000000a1d19e80,0x00000000a7e80000)
 Metaspace       used 60936K, capacity 63776K, committed 64024K, reserved 1103872K
  class space    used 8358K, capacity 8979K, committed 8984K, reserved 1048576K
Event: 14,765 GC heap after
Heap after GC invocations=15 (full 3):
 PSYoungGen      total 228864K, used 12195K [0x00000000e0000000, 0x00000000eff00000, 0x0000000100000000)
  eden space 216576K, 0% used [0x00000000e0000000,0x00000000e0000000,0x00000000ed380000)
  from space 12288K, 99% used [0x00000000ef300000,0x00000000efee8cc8,0x00000000eff00000)
  to   space 21504K, 0% used [0x00000000ed500000,0x00000000ed500000,0x00000000eea00000)
 ParOldGen       total 129536K, used 29807K [0x00000000a0000000, 0x00000000a7e80000, 0x00000000e0000000)
  object space 129536K, 23% used [0x00000000a0000000,0x00000000a1d1be80,0x00000000a7e80000)
 Metaspace       used 60936K, capacity 63776K, committed 64024K, reserved 1103872K
  class space    used 8358K, capacity 8979K, committed 8984K, reserved 1048576K
}
Event: 17,679 GC heap before
{Heap before GC invocations=16 (full 3):
 PSYoungGen      total 228864K, used 228771K [0x00000000e0000000, 0x00000000eff00000, 0x0000000100000000)
  eden space 216576K, 100% used [0x00000000e0000000,0x00000000ed380000,0x00000000ed380000)
  from space 12288K, 99% used [0x00000000ef300000,0x00000000efee8cc8,0x00000000eff00000)
  to   space 21504K, 0% used [0x00000000ed500000,0x00000000ed500000,0x00000000eea00000)
 ParOldGen       total 129536K, used 29807K [0x00000000a0000000, 0x00000000a7e80000, 0x00000000e0000000)
  object space 129536K, 23% used [0x00000000a0000000,0x00000000a1d1be80,0x00000000a7e80000)
 Metaspace       used 67506K, capacity 70550K, committed 70808K, reserved 1110016K
  class space    used 9151K, capacity 9836K, committed 9880K, reserved 1048576K
Event: 17,705 GC heap after
Heap after GC invocations=16 (full 3):
 PSYoungGen      total 239616K, used 17822K [0x00000000e0000000, 0x00000000f4000000, 0x0000000100000000)
  eden space 218112K, 0% used [0x00000000e0000000,0x00000000e0000000,0x00000000ed500000)
  from space 21504K, 82% used [0x00000000ed500000,0x00000000ee667bc0,0x00000000eea00000)
  to   space 23040K, 0% used [0x00000000f2980000,0x00000000f2980000,0x00000000f4000000)
 ParOldGen       total 129536K, used 29815K [0x00000000a0000000, 0x00000000a7e80000, 0x00000000e0000000)
  object space 129536K, 23% used [0x00000000a0000000,0x00000000a1d1de80,0x00000000a7e80000)
 Metaspace       used 67506K, capacity 70550K, committed 70808K, reserved 1110016K
  class space    used 9151K, capacity 9836K, committed 9880K, reserved 1048576K
}
Event: 25,181 GC heap before
{Heap before GC invocations=17 (full 3):
 PSYoungGen      total 239616K, used 235934K [0x00000000e0000000, 0x00000000f4000000, 0x0000000100000000)
  eden space 218112K, 100% used [0x00000000e0000000,0x00000000ed500000,0x00000000ed500000)
  from space 21504K, 82% used [0x00000000ed500000,0x00000000ee667bc0,0x00000000eea00000)
  to   space 23040K, 0% used [0x00000000f2980000,0x00000000f2980000,0x00000000f4000000)
 ParOldGen       total 129536K, used 29815K [0x00000000a0000000, 0x00000000a7e80000, 0x00000000e0000000)
  object space 129536K, 23% used [0x00000000a0000000,0x00000000a1d1de80,0x00000000a7e80000)
 Metaspace       used 77323K, capacity 80752K, committed 80920K, reserved 1118208K
  class space    used 10434K, capacity 11161K, committed 11288K, reserved 1048576K

